This is pdfTeX, Version 3.14159265-2.6-1.40.20 (MiKTeX 2.9.7050 64-bit) (preloaded format=pdflatex 2019.6.25)  26 DEC 2019 10:41
entering extended mode
**./All_decoders_1m2PL.tex
(All_decoders_1m2PL.tex
LaTeX2e <2018-12-01>
(C:\Users\PC\AppData\Roaming\MiKTeX\2.9\tex/latex/standalone\standalone.cls
Document Class: standalone 2018/03/26 v1.3a Class to compile TeX sub-files stan
dalone
("C:\Program Files\MiKTeX 2.9\tex/latex/tools\shellesc.sty"
Package: shellesc 2016/06/07 v0.02a unified shell escape interface for LaTeX
Package shellesc Info: Unrestricted shell escape enabled on input line 67.
)
("C:\Program Files\MiKTeX 2.9\tex/generic/oberdiek\ifluatex.sty"
Package: ifluatex 2016/05/16 v1.4 Provides the ifluatex switch (HO)
Package ifluatex Info: LuaTeX not detected.
)
("C:\Program Files\MiKTeX 2.9\tex/generic/oberdiek\ifpdf.sty"
Package: ifpdf 2018/09/07 v3.3 Provides the ifpdf switch
)
("C:\Program Files\MiKTeX 2.9\tex/generic/ifxetex\ifxetex.sty"
Package: ifxetex 2010/09/12 v0.6 Provides ifxetex conditional
)
("C:\Program Files\MiKTeX 2.9\tex/latex/xkeyval\xkeyval.sty"
Package: xkeyval 2014/12/03 v2.7a package option processing (HA)

("C:\Program Files\MiKTeX 2.9\tex/generic/xkeyval\xkeyval.tex"
("C:\Program Files\MiKTeX 2.9\tex/generic/xkeyval\xkvutils.tex"
\XKV@toks=\toks14
\XKV@tempa@toks=\toks15

("C:\Program Files\MiKTeX 2.9\tex/generic/xkeyval\keyval.tex"))
\XKV@depth=\count80
File: xkeyval.tex 2014/12/03 v2.7a key=value parser (HA)
))
\sa@internal=\count81
\c@sapage=\count82

(C:\Users\PC\AppData\Roaming\MiKTeX\2.9\tex/latex/standalone\standalone.cfg
File: standalone.cfg 2018/03/26 v1.3a Default configuration file for 'standalon
e' class
)
("C:\Program Files\MiKTeX 2.9\tex/latex/base\article.cls"
Document Class: article 2018/09/03 v1.4i Standard LaTeX document class
("C:\Program Files\MiKTeX 2.9\tex/latex/base\size10.clo"
File: size10.clo 2018/09/03 v1.4i Standard LaTeX file (size option)
)
\c@part=\count83
\c@section=\count84
\c@subsection=\count85
\c@subsubsection=\count86
\c@paragraph=\count87
\c@subparagraph=\count88
\c@figure=\count89
\c@table=\count90
\abovecaptionskip=\skip41
\belowcaptionskip=\skip42
\bibindent=\dimen102
)
\sa@box=\box27
)
(C:\Users\PC\AppData\Roaming\MiKTeX\2.9\tex/latex/pgf/frontendlayer\tikz.sty
(C:\Users\PC\AppData\Roaming\MiKTeX\2.9\tex/latex/pgf/basiclayer\pgf.sty
(C:\Users\PC\AppData\Roaming\MiKTeX\2.9\tex/latex/pgf/utilities\pgfrcs.sty
(C:\Users\PC\AppData\Roaming\MiKTeX\2.9\tex/generic/pgf/utilities\pgfutil-commo
n.tex
\pgfutil@everybye=\toks16
\pgfutil@tempdima=\dimen103
\pgfutil@tempdimb=\dimen104

(C:\Users\PC\AppData\Roaming\MiKTeX\2.9\tex/generic/pgf/utilities\pgfutil-commo
n-lists.tex))
(C:\Users\PC\AppData\Roaming\MiKTeX\2.9\tex/generic/pgf/utilities\pgfutil-latex
.def
\pgfutil@abb=\box28
 (C:\Users\PC\AppData\Roaming\MiKTeX\2.9\tex/latex/ms\everyshi.sty
Package: everyshi 2001/05/15 v3.00 EveryShipout Package (MS)
))
(C:\Users\PC\AppData\Roaming\MiKTeX\2.9\tex/generic/pgf/utilities\pgfrcs.code.t
ex (C:\Users\PC\AppData\Roaming\MiKTeX\2.9\tex/generic/pgf\pgf.revision.tex)
Package: pgfrcs 2019/05/09 v3.1.3 (3.1.3)
))
Package: pgf 2019/05/09 v3.1.3 (3.1.3)

(C:\Users\PC\AppData\Roaming\MiKTeX\2.9\tex/latex/pgf/basiclayer\pgfcore.sty
("C:\Program Files\MiKTeX 2.9\tex/latex/graphics\graphicx.sty"
Package: graphicx 2017/06/01 v1.1a Enhanced LaTeX Graphics (DPC,SPQR)

("C:\Program Files\MiKTeX 2.9\tex/latex/graphics\graphics.sty"
Package: graphics 2017/06/25 v1.2c Standard LaTeX Graphics (DPC,SPQR)

("C:\Program Files\MiKTeX 2.9\tex/latex/graphics\trig.sty"
Package: trig 2016/01/03 v1.10 sin cos tan (DPC)
)
("C:\Program Files\MiKTeX 2.9\tex/latex/graphics-cfg\graphics.cfg"
File: graphics.cfg 2016/06/04 v1.11 sample graphics configuration
)
Package graphics Info: Driver file: pdftex.def on input line 99.

("C:\Program Files\MiKTeX 2.9\tex/latex/graphics-def\pdftex.def"
File: pdftex.def 2018/01/08 v1.0l Graphics/color driver for pdftex
))
\Gin@req@height=\dimen105
\Gin@req@width=\dimen106
)
(C:\Users\PC\AppData\Roaming\MiKTeX\2.9\tex/latex/pgf/systemlayer\pgfsys.sty
(C:\Users\PC\AppData\Roaming\MiKTeX\2.9\tex/generic/pgf/systemlayer\pgfsys.code
.tex
Package: pgfsys 2019/05/09 v3.1.3 (3.1.3)

(C:\Users\PC\AppData\Roaming\MiKTeX\2.9\tex/generic/pgf/utilities\pgfkeys.code.
tex
\pgfkeys@pathtoks=\toks17
\pgfkeys@temptoks=\toks18

(C:\Users\PC\AppData\Roaming\MiKTeX\2.9\tex/generic/pgf/utilities\pgfkeysfilter
ed.code.tex
\pgfkeys@tmptoks=\toks19
))
\pgf@x=\dimen107
\pgf@y=\dimen108
\pgf@xa=\dimen109
\pgf@ya=\dimen110
\pgf@xb=\dimen111
\pgf@yb=\dimen112
\pgf@xc=\dimen113
\pgf@yc=\dimen114
\pgf@xd=\dimen115
\pgf@yd=\dimen116
\w@pgf@writea=\write3
\r@pgf@reada=\read1
\c@pgf@counta=\count91
\c@pgf@countb=\count92
\c@pgf@countc=\count93
\c@pgf@countd=\count94
\t@pgf@toka=\toks20
\t@pgf@tokb=\toks21
\t@pgf@tokc=\toks22
\pgf@sys@id@count=\count95

(C:\Users\PC\AppData\Roaming\MiKTeX\2.9\tex/generic/pgf/systemlayer\pgf.cfg
File: pgf.cfg 2019/05/09 v3.1.3 (3.1.3)
)
Driver file for pgf: pgfsys-pdftex.def

(C:\Users\PC\AppData\Roaming\MiKTeX\2.9\tex/generic/pgf/systemlayer\pgfsys-pdft
ex.def
File: pgfsys-pdftex.def 2019/05/09 v3.1.3 (3.1.3)

(C:\Users\PC\AppData\Roaming\MiKTeX\2.9\tex/generic/pgf/systemlayer\pgfsys-comm
on-pdf.def
File: pgfsys-common-pdf.def 2019/05/09 v3.1.3 (3.1.3)
)))
(C:\Users\PC\AppData\Roaming\MiKTeX\2.9\tex/generic/pgf/systemlayer\pgfsyssoftp
ath.code.tex
File: pgfsyssoftpath.code.tex 2019/05/09 v3.1.3 (3.1.3)
\pgfsyssoftpath@smallbuffer@items=\count96
\pgfsyssoftpath@bigbuffer@items=\count97
)
(C:\Users\PC\AppData\Roaming\MiKTeX\2.9\tex/generic/pgf/systemlayer\pgfsysproto
col.code.tex
File: pgfsysprotocol.code.tex 2019/05/09 v3.1.3 (3.1.3)
))
(C:\Users\PC\AppData\Roaming\MiKTeX\2.9\tex/latex/xcolor\xcolor.sty
Package: xcolor 2016/05/11 v2.12 LaTeX color extensions (UK)

("C:\Program Files\MiKTeX 2.9\tex/latex/graphics-cfg\color.cfg"
File: color.cfg 2016/01/02 v1.6 sample color configuration
)
Package xcolor Info: Driver file: pdftex.def on input line 225.
Package xcolor Info: Model `cmy' substituted by `cmy0' on input line 1348.
Package xcolor Info: Model `hsb' substituted by `rgb' on input line 1352.
Package xcolor Info: Model `RGB' extended on input line 1364.
Package xcolor Info: Model `HTML' substituted by `rgb' on input line 1366.
Package xcolor Info: Model `Hsb' substituted by `hsb' on input line 1367.
Package xcolor Info: Model `tHsb' substituted by `hsb' on input line 1368.
Package xcolor Info: Model `HSB' substituted by `hsb' on input line 1369.
Package xcolor Info: Model `Gray' substituted by `gray' on input line 1370.
Package xcolor Info: Model `wave' substituted by `hsb' on input line 1371.
)
(C:\Users\PC\AppData\Roaming\MiKTeX\2.9\tex/generic/pgf/basiclayer\pgfcore.code
.tex
Package: pgfcore 2019/05/09 v3.1.3 (3.1.3)

(C:\Users\PC\AppData\Roaming\MiKTeX\2.9\tex/generic/pgf/math\pgfmath.code.tex
(C:\Users\PC\AppData\Roaming\MiKTeX\2.9\tex/generic/pgf/math\pgfmathcalc.code.t
ex
(C:\Users\PC\AppData\Roaming\MiKTeX\2.9\tex/generic/pgf/math\pgfmathutil.code.t
ex)
(C:\Users\PC\AppData\Roaming\MiKTeX\2.9\tex/generic/pgf/math\pgfmathparser.code
.tex
\pgfmath@dimen=\dimen117
\pgfmath@count=\count98
\pgfmath@box=\box29
\pgfmath@toks=\toks23
\pgfmath@stack@operand=\toks24
\pgfmath@stack@operation=\toks25
)
(C:\Users\PC\AppData\Roaming\MiKTeX\2.9\tex/generic/pgf/math\pgfmathfunctions.c
ode.tex
(C:\Users\PC\AppData\Roaming\MiKTeX\2.9\tex/generic/pgf/math\pgfmathfunctions.b
asic.code.tex)
(C:\Users\PC\AppData\Roaming\MiKTeX\2.9\tex/generic/pgf/math\pgfmathfunctions.t
rigonometric.code.tex)
(C:\Users\PC\AppData\Roaming\MiKTeX\2.9\tex/generic/pgf/math\pgfmathfunctions.r
andom.code.tex)
(C:\Users\PC\AppData\Roaming\MiKTeX\2.9\tex/generic/pgf/math\pgfmathfunctions.c
omparison.code.tex)
(C:\Users\PC\AppData\Roaming\MiKTeX\2.9\tex/generic/pgf/math\pgfmathfunctions.b
ase.code.tex)
(C:\Users\PC\AppData\Roaming\MiKTeX\2.9\tex/generic/pgf/math\pgfmathfunctions.r
ound.code.tex)
(C:\Users\PC\AppData\Roaming\MiKTeX\2.9\tex/generic/pgf/math\pgfmathfunctions.m
isc.code.tex)
(C:\Users\PC\AppData\Roaming\MiKTeX\2.9\tex/generic/pgf/math\pgfmathfunctions.i
ntegerarithmetics.code.tex)))
(C:\Users\PC\AppData\Roaming\MiKTeX\2.9\tex/generic/pgf/math\pgfmathfloat.code.
tex
\c@pgfmathroundto@lastzeros=\count99
))
(C:\Users\PC\AppData\Roaming\MiKTeX\2.9\tex/generic/pgf/math\pgfint.code.tex)
(C:\Users\PC\AppData\Roaming\MiKTeX\2.9\tex/generic/pgf/basiclayer\pgfcorepoint
s.code.tex
File: pgfcorepoints.code.tex 2019/05/09 v3.1.3 (3.1.3)
\pgf@picminx=\dimen118
\pgf@picmaxx=\dimen119
\pgf@picminy=\dimen120
\pgf@picmaxy=\dimen121
\pgf@pathminx=\dimen122
\pgf@pathmaxx=\dimen123
\pgf@pathminy=\dimen124
\pgf@pathmaxy=\dimen125
\pgf@xx=\dimen126
\pgf@xy=\dimen127
\pgf@yx=\dimen128
\pgf@yy=\dimen129
\pgf@zx=\dimen130
\pgf@zy=\dimen131
)
(C:\Users\PC\AppData\Roaming\MiKTeX\2.9\tex/generic/pgf/basiclayer\pgfcorepathc
onstruct.code.tex
File: pgfcorepathconstruct.code.tex 2019/05/09 v3.1.3 (3.1.3)
\pgf@path@lastx=\dimen132
\pgf@path@lasty=\dimen133
)
(C:\Users\PC\AppData\Roaming\MiKTeX\2.9\tex/generic/pgf/basiclayer\pgfcorepathu
sage.code.tex
File: pgfcorepathusage.code.tex 2019/05/09 v3.1.3 (3.1.3)
\pgf@shorten@end@additional=\dimen134
\pgf@shorten@start@additional=\dimen135
)
(C:\Users\PC\AppData\Roaming\MiKTeX\2.9\tex/generic/pgf/basiclayer\pgfcorescope
s.code.tex
File: pgfcorescopes.code.tex 2019/05/09 v3.1.3 (3.1.3)
\pgfpic=\box30
\pgf@hbox=\box31
\pgf@layerbox@main=\box32
\pgf@picture@serial@count=\count100
)
(C:\Users\PC\AppData\Roaming\MiKTeX\2.9\tex/generic/pgf/basiclayer\pgfcoregraph
icstate.code.tex
File: pgfcoregraphicstate.code.tex 2019/05/09 v3.1.3 (3.1.3)
\pgflinewidth=\dimen136
)
(C:\Users\PC\AppData\Roaming\MiKTeX\2.9\tex/generic/pgf/basiclayer\pgfcoretrans
formations.code.tex
File: pgfcoretransformations.code.tex 2019/05/09 v3.1.3 (3.1.3)
\pgf@pt@x=\dimen137
\pgf@pt@y=\dimen138
\pgf@pt@temp=\dimen139
)
(C:\Users\PC\AppData\Roaming\MiKTeX\2.9\tex/generic/pgf/basiclayer\pgfcorequick
.code.tex
File: pgfcorequick.code.tex 2019/05/09 v3.1.3 (3.1.3)
)
(C:\Users\PC\AppData\Roaming\MiKTeX\2.9\tex/generic/pgf/basiclayer\pgfcoreobjec
ts.code.tex
File: pgfcoreobjects.code.tex 2019/05/09 v3.1.3 (3.1.3)
)
(C:\Users\PC\AppData\Roaming\MiKTeX\2.9\tex/generic/pgf/basiclayer\pgfcorepathp
rocessing.code.tex
File: pgfcorepathprocessing.code.tex 2019/05/09 v3.1.3 (3.1.3)
)
(C:\Users\PC\AppData\Roaming\MiKTeX\2.9\tex/generic/pgf/basiclayer\pgfcorearrow
s.code.tex
File: pgfcorearrows.code.tex 2019/05/09 v3.1.3 (3.1.3)
\pgfarrowsep=\dimen140
)
(C:\Users\PC\AppData\Roaming\MiKTeX\2.9\tex/generic/pgf/basiclayer\pgfcoreshade
.code.tex
File: pgfcoreshade.code.tex 2019/05/09 v3.1.3 (3.1.3)
\pgf@max=\dimen141
\pgf@sys@shading@range@num=\count101
\pgf@shadingcount=\count102
)
(C:\Users\PC\AppData\Roaming\MiKTeX\2.9\tex/generic/pgf/basiclayer\pgfcoreimage
.code.tex
File: pgfcoreimage.code.tex 2019/05/09 v3.1.3 (3.1.3)

(C:\Users\PC\AppData\Roaming\MiKTeX\2.9\tex/generic/pgf/basiclayer\pgfcoreexter
nal.code.tex
File: pgfcoreexternal.code.tex 2019/05/09 v3.1.3 (3.1.3)
\pgfexternal@startupbox=\box33
))
(C:\Users\PC\AppData\Roaming\MiKTeX\2.9\tex/generic/pgf/basiclayer\pgfcorelayer
s.code.tex
File: pgfcorelayers.code.tex 2019/05/09 v3.1.3 (3.1.3)
)
(C:\Users\PC\AppData\Roaming\MiKTeX\2.9\tex/generic/pgf/basiclayer\pgfcoretrans
parency.code.tex
File: pgfcoretransparency.code.tex 2019/05/09 v3.1.3 (3.1.3)
)
(C:\Users\PC\AppData\Roaming\MiKTeX\2.9\tex/generic/pgf/basiclayer\pgfcorepatte
rns.code.tex
File: pgfcorepatterns.code.tex 2019/05/09 v3.1.3 (3.1.3)
)
(C:\Users\PC\AppData\Roaming\MiKTeX\2.9\tex/generic/pgf/basiclayer\pgfcorerdf.c
ode.tex
File: pgfcorerdf.code.tex 2019/05/09 v3.1.3 (3.1.3)
)))
(C:\Users\PC\AppData\Roaming\MiKTeX\2.9\tex/generic/pgf/modules\pgfmoduleshapes
.code.tex
File: pgfmoduleshapes.code.tex 2019/05/09 v3.1.3 (3.1.3)
\pgfnodeparttextbox=\box34
)
(C:\Users\PC\AppData\Roaming\MiKTeX\2.9\tex/generic/pgf/modules\pgfmoduleplot.c
ode.tex
File: pgfmoduleplot.code.tex 2019/05/09 v3.1.3 (3.1.3)
)
(C:\Users\PC\AppData\Roaming\MiKTeX\2.9\tex/latex/pgf/compatibility\pgfcomp-ver
sion-0-65.sty
Package: pgfcomp-version-0-65 2019/05/09 v3.1.3 (3.1.3)
\pgf@nodesepstart=\dimen142
\pgf@nodesepend=\dimen143
)
(C:\Users\PC\AppData\Roaming\MiKTeX\2.9\tex/latex/pgf/compatibility\pgfcomp-ver
sion-1-18.sty
Package: pgfcomp-version-1-18 2019/05/09 v3.1.3 (3.1.3)
))
(C:\Users\PC\AppData\Roaming\MiKTeX\2.9\tex/latex/pgf/utilities\pgffor.sty
(C:\Users\PC\AppData\Roaming\MiKTeX\2.9\tex/latex/pgf/utilities\pgfkeys.sty
(C:\Users\PC\AppData\Roaming\MiKTeX\2.9\tex/generic/pgf/utilities\pgfkeys.code.
tex)) (C:\Users\PC\AppData\Roaming\MiKTeX\2.9\tex/latex/pgf/math\pgfmath.sty
(C:\Users\PC\AppData\Roaming\MiKTeX\2.9\tex/generic/pgf/math\pgfmath.code.tex))

(C:\Users\PC\AppData\Roaming\MiKTeX\2.9\tex/generic/pgf/utilities\pgffor.code.t
ex
Package: pgffor 2019/05/09 v3.1.3 (3.1.3)

(C:\Users\PC\AppData\Roaming\MiKTeX\2.9\tex/generic/pgf/math\pgfmath.code.tex)
\pgffor@iter=\dimen144
\pgffor@skip=\dimen145
\pgffor@stack=\toks26
\pgffor@toks=\toks27
))
(C:\Users\PC\AppData\Roaming\MiKTeX\2.9\tex/generic/pgf/frontendlayer/tikz\tikz
.code.tex
Package: tikz 2019/05/09 v3.1.3 (3.1.3)

(C:\Users\PC\AppData\Roaming\MiKTeX\2.9\tex/generic/pgf/libraries\pgflibraryplo
thandlers.code.tex
File: pgflibraryplothandlers.code.tex 2019/05/09 v3.1.3 (3.1.3)
\pgf@plot@mark@count=\count103
\pgfplotmarksize=\dimen146
)
\tikz@lastx=\dimen147
\tikz@lasty=\dimen148
\tikz@lastxsaved=\dimen149
\tikz@lastysaved=\dimen150
\tikzleveldistance=\dimen151
\tikzsiblingdistance=\dimen152
\tikz@figbox=\box35
\tikz@figbox@bg=\box36
\tikz@tempbox=\box37
\tikz@tempbox@bg=\box38
\tikztreelevel=\count104
\tikznumberofchildren=\count105
\tikznumberofcurrentchild=\count106
\tikz@fig@count=\count107

(C:\Users\PC\AppData\Roaming\MiKTeX\2.9\tex/generic/pgf/modules\pgfmodulematrix
.code.tex
File: pgfmodulematrix.code.tex 2019/05/09 v3.1.3 (3.1.3)
\pgfmatrixcurrentrow=\count108
\pgfmatrixcurrentcolumn=\count109
\pgf@matrix@numberofcolumns=\count110
)
\tikz@expandcount=\count111

(C:\Users\PC\AppData\Roaming\MiKTeX\2.9\tex/generic/pgf/frontendlayer/tikz/libr
aries\tikzlibrarytopaths.code.tex
File: tikzlibrarytopaths.code.tex 2019/05/09 v3.1.3 (3.1.3)
)))
(C:\Users\PC\AppData\Roaming\MiKTeX\2.9\tex/latex/pgfplots\pgfplots.sty
(C:\Users\PC\AppData\Roaming\MiKTeX\2.9\tex/generic/pgfplots\pgfplots.revision.
tex)
Package: pgfplots 2018/03/28 v1.16 Data Visualization (1.16)

(C:\Users\PC\AppData\Roaming\MiKTeX\2.9\tex/generic/pgfplots\pgfplots.code.tex
(C:\Users\PC\AppData\Roaming\MiKTeX\2.9\tex/generic/pgfplots\pgfplotscore.code.
tex
\t@pgfplots@toka=\toks28
\t@pgfplots@tokb=\toks29
\t@pgfplots@tokc=\toks30
\pgfplots@tmpa=\dimen153
\c@pgfplots@coordindex=\count112
\c@pgfplots@scanlineindex=\count113

(C:\Users\PC\AppData\Roaming\MiKTeX\2.9\tex/generic/pgfplots/sys\pgfplotssysgen
eric.code.tex))
(C:\Users\PC\AppData\Roaming\MiKTeX\2.9\tex/generic/pgfplots/libs\pgfplotslibra
ry.code.tex)
(C:\Users\PC\AppData\Roaming\MiKTeX\2.9\tex/generic/pgfplots/oldpgfcompatib\pgf
plotsoldpgfsupp_loader.code.tex
(C:\Users\PC\AppData\Roaming\MiKTeX\2.9\tex/generic/pgf/libraries\pgflibraryfpu
.code.tex)
Package pgfplots: loading complementary arithmetics for your pgf version...

(C:\Users\PC\AppData\Roaming\MiKTeX\2.9\tex/generic/pgfplots/oldpgfcompatib\pgf
plotsoldpgfsupp_pgflibraryfpu.code.tex)
(C:\Users\PC\AppData\Roaming\MiKTeX\2.9\tex/generic/pgfplots/oldpgfcompatib\pgf
plotsoldpgfsupp_pgfmathfloat.code.tex
\c@pgfmathroundto@lastzeros=\count114
))
(C:\Users\PC\AppData\Roaming\MiKTeX\2.9\tex/generic/pgfplots/util\pgfplotsutil.
code.tex
(C:\Users\PC\AppData\Roaming\MiKTeX\2.9\tex/generic/pgfplots/liststructure\pgfp
lotsliststructure.code.tex)
(C:\Users\PC\AppData\Roaming\MiKTeX\2.9\tex/generic/pgfplots/liststructure\pgfp
lotsliststructureext.code.tex)
(C:\Users\PC\AppData\Roaming\MiKTeX\2.9\tex/generic/pgfplots/liststructure\pgfp
lotsarray.code.tex
\c@pgfplotsarray@tmp=\count115
)
(C:\Users\PC\AppData\Roaming\MiKTeX\2.9\tex/generic/pgfplots/liststructure\pgfp
lotsmatrix.code.tex)
(C:\Users\PC\AppData\Roaming\MiKTeX\2.9\tex/generic/pgfplots/numtable\pgfplotst
ableshared.code.tex
\c@pgfplotstable@counta=\count116
\t@pgfplotstable@a=\toks31
)
(C:\Users\PC\AppData\Roaming\MiKTeX\2.9\tex/generic/pgfplots/liststructure\pgfp
lotsdeque.code.tex)
(C:\Users\PC\AppData\Roaming\MiKTeX\2.9\tex/generic/pgfplots/util\pgfplotsbinar
y.code.tex
(C:\Users\PC\AppData\Roaming\MiKTeX\2.9\tex/generic/pgfplots/util\pgfplotsbinar
y.data.code.tex))
(C:\Users\PC\AppData\Roaming\MiKTeX\2.9\tex/generic/pgfplots/util\pgfplotsutil.
verb.code.tex)
(C:\Users\PC\AppData\Roaming\MiKTeX\2.9\tex/generic/pgfplots/libs\pgflibrarypgf
plots.surfshading.code.tex
\c@pgfplotslibrarysurf@no=\count117

(C:\Users\PC\AppData\Roaming\MiKTeX\2.9\tex/generic/pgfplots/sys\pgflibrarypgfp
lots.surfshading.pgfsys-pdftex.def)))
(C:\Users\PC\AppData\Roaming\MiKTeX\2.9\tex/generic/pgfplots/util\pgfplotscolor
map.code.tex
(C:\Users\PC\AppData\Roaming\MiKTeX\2.9\tex/generic/pgfplots/util\pgfplotscolor
.code.tex))
(C:\Users\PC\AppData\Roaming\MiKTeX\2.9\tex/generic/pgfplots\pgfplotsstackedplo
ts.code.tex)
(C:\Users\PC\AppData\Roaming\MiKTeX\2.9\tex/generic/pgfplots\pgfplotsplothandle
rs.code.tex
(C:\Users\PC\AppData\Roaming\MiKTeX\2.9\tex/generic/pgfplots\pgfplotsmeshplotha
ndler.code.tex
(C:\Users\PC\AppData\Roaming\MiKTeX\2.9\tex/generic/pgfplots\pgfplotsmeshplotim
age.code.tex)))
(C:\Users\PC\AppData\Roaming\MiKTeX\2.9\tex/generic/pgfplots\pgfplots.scaling.c
ode.tex)
(C:\Users\PC\AppData\Roaming\MiKTeX\2.9\tex/generic/pgfplots\pgfplotscoordproce
ssing.code.tex)
(C:\Users\PC\AppData\Roaming\MiKTeX\2.9\tex/generic/pgfplots\pgfplots.errorbars
.code.tex)
(C:\Users\PC\AppData\Roaming\MiKTeX\2.9\tex/generic/pgfplots\pgfplots.markers.c
ode.tex)
(C:\Users\PC\AppData\Roaming\MiKTeX\2.9\tex/generic/pgfplots\pgfplotsticks.code
.tex)
(C:\Users\PC\AppData\Roaming\MiKTeX\2.9\tex/generic/pgfplots\pgfplots.paths.cod
e.tex)
(C:\Users\PC\AppData\Roaming\MiKTeX\2.9\tex/generic/pgf/frontendlayer/tikz/libr
aries\tikzlibrarydecorations.code.tex
(C:\Users\PC\AppData\Roaming\MiKTeX\2.9\tex/generic/pgf/modules\pgfmoduledecora
tions.code.tex
\pgfdecoratedcompleteddistance=\dimen154
\pgfdecoratedremainingdistance=\dimen155
\pgfdecoratedinputsegmentcompleteddistance=\dimen156
\pgfdecoratedinputsegmentremainingdistance=\dimen157
\pgf@decorate@distancetomove=\dimen158
\pgf@decorate@repeatstate=\count118
\pgfdecorationsegmentamplitude=\dimen159
\pgfdecorationsegmentlength=\dimen160
)
\tikz@lib@dec@box=\box39
)
(C:\Users\PC\AppData\Roaming\MiKTeX\2.9\tex/generic/pgf/frontendlayer/tikz/libr
aries\tikzlibrarydecorations.pathmorphing.code.tex
(C:\Users\PC\AppData\Roaming\MiKTeX\2.9\tex/generic/pgf/libraries/decorations\p
gflibrarydecorations.pathmorphing.code.tex))
(C:\Users\PC\AppData\Roaming\MiKTeX\2.9\tex/generic/pgf/frontendlayer/tikz/libr
aries\tikzlibrarydecorations.pathreplacing.code.tex
(C:\Users\PC\AppData\Roaming\MiKTeX\2.9\tex/generic/pgf/libraries/decorations\p
gflibrarydecorations.pathreplacing.code.tex))
\pgfplots@numplots=\count119
\pgfplots@xmin@reg=\dimen161
\pgfplots@xmax@reg=\dimen162
\pgfplots@ymin@reg=\dimen163
\pgfplots@ymax@reg=\dimen164
\pgfplots@zmin@reg=\dimen165
\pgfplots@zmax@reg=\dimen166
)
(C:\Users\PC\AppData\Roaming\MiKTeX\2.9\tex/generic/pgf/frontendlayer/tikz/libr
aries\tikzlibraryplotmarks.code.tex
File: tikzlibraryplotmarks.code.tex 2019/05/09 v3.1.3 (3.1.3)

(C:\Users\PC\AppData\Roaming\MiKTeX\2.9\tex/generic/pgf/libraries\pgflibraryplo
tmarks.code.tex
File: pgflibraryplotmarks.code.tex 2019/05/09 v3.1.3 (3.1.3)
)))
(C:\Users\PC\AppData\Roaming\MiKTeX\2.9\tex/latex/pgfplots\pgfplotstable.sty
(C:\Users\PC\AppData\Roaming\MiKTeX\2.9\tex/generic/pgfplots\pgfplots.revision.
tex)
Package: pgfplotstable 2018/03/28 v1.16 Table typesetting and Pretty-printing (
1.16)

(C:\Users\PC\AppData\Roaming\MiKTeX\2.9\tex/generic/pgfplots/numtable\pgfplotst
able.code.tex
(C:\Users\PC\AppData\Roaming\MiKTeX\2.9\tex/generic/pgfplots/numtable\pgfplotst
able.coltype.code.tex)) ("C:\Program Files\MiKTeX 2.9\tex/latex/tools\array.sty
"
Package: array 2018/12/30 v2.4k Tabular extension package (FMi)
\col@sep=\dimen167
\ar@mcellbox=\box40
\extrarowheight=\dimen168
\NC@list=\toks32
\extratabsurround=\skip43
\backup@length=\skip44
\ar@cellbox=\box41
)) (C:\Users\PC\AppData\Roaming\MiKTeX\2.9\tex/latex/braket\braket.sty)
(All_decoders_1m2PL.aux)
\openout1 = `All_decoders_1m2PL.aux'.

LaTeX Font Info:    Checking defaults for OML/cmm/m/it on input line 18.
LaTeX Font Info:    ... okay on input line 18.
LaTeX Font Info:    Checking defaults for T1/cmr/m/n on input line 18.
LaTeX Font Info:    ... okay on input line 18.
LaTeX Font Info:    Checking defaults for OT1/cmr/m/n on input line 18.
LaTeX Font Info:    ... okay on input line 18.
LaTeX Font Info:    Checking defaults for OMS/cmsy/m/n on input line 18.
LaTeX Font Info:    ... okay on input line 18.
LaTeX Font Info:    Checking defaults for OMX/cmex/m/n on input line 18.
LaTeX Font Info:    ... okay on input line 18.
LaTeX Font Info:    Checking defaults for U/cmr/m/n on input line 18.
LaTeX Font Info:    ... okay on input line 18.
 ABD: EveryShipout initializing macros
(C:\Users\PC\AppData\Roaming\MiKTeX\2.9\tex/context/base/mkii\supp-pdf.mkii
[Loading MPS to PDF converter (version 2006.09.02).]
\scratchcounter=\count120
\scratchdimen=\dimen169
\scratchbox=\box42
\nofMPsegments=\count121
\nofMParguments=\count122
\everyMPshowfont=\toks33
\MPscratchCnt=\count123
\MPscratchDim=\dimen170
\MPnumerator=\count124
\makeMPintoPDFobject=\count125
\everyMPtoPDFconversion=\toks34
) ("C:\Program Files\MiKTeX 2.9\tex/latex/oberdiek\epstopdf-base.sty"
Package: epstopdf-base 2016/05/15 v2.6 Base part for package epstopdf

("C:\Program Files\MiKTeX 2.9\tex/generic/oberdiek\infwarerr.sty"
Package: infwarerr 2016/05/16 v1.4 Providing info/warning/error messages (HO)
)
("C:\Program Files\MiKTeX 2.9\tex/latex/oberdiek\grfext.sty"
Package: grfext 2016/05/16 v1.2 Manage graphics extensions (HO)

("C:\Program Files\MiKTeX 2.9\tex/generic/oberdiek\kvdefinekeys.sty"
Package: kvdefinekeys 2016/05/16 v1.4 Define keys (HO)

("C:\Program Files\MiKTeX 2.9\tex/generic/oberdiek\ltxcmds.sty"
Package: ltxcmds 2016/05/16 v1.23 LaTeX kernel commands for general use (HO)
)))
("C:\Program Files\MiKTeX 2.9\tex/latex/oberdiek\kvoptions.sty"
Package: kvoptions 2016/05/16 v3.12 Key value format for package options (HO)

("C:\Program Files\MiKTeX 2.9\tex/generic/oberdiek\kvsetkeys.sty"
Package: kvsetkeys 2016/05/16 v1.17 Key value parser (HO)

("C:\Program Files\MiKTeX 2.9\tex/generic/oberdiek\etexcmds.sty"
Package: etexcmds 2016/05/16 v1.6 Avoid name clashes with e-TeX commands (HO)
)))
("C:\Program Files\MiKTeX 2.9\tex/generic/oberdiek\pdftexcmds.sty"
Package: pdftexcmds 2018/09/10 v0.29 Utility functions of pdfTeX for LuaTeX (HO
)
Package pdftexcmds Info: LuaTeX not detected.
Package pdftexcmds Info: \pdf@primitive is available.
Package pdftexcmds Info: \pdf@ifprimitive is available.
Package pdftexcmds Info: \pdfdraftmode found.
)
Package epstopdf-base Info: Redefining graphics rule for `.eps' on input line 4
38.
Package grfext Info: Graphics extension search list:
(grfext)             [.pdf,.png,.jpg,.mps,.jpeg,.jbig2,.jb2,.PDF,.PNG,.JPG,.JPE
G,.JBIG2,.JB2,.eps]
(grfext)             \AppendGraphicsExtensions on input line 456.
)
Package pgfplots notification 'compat/show suggested version=true': you might b
enefit from \pgfplotsset{compat=1.16} (current compat level: 1.7).

PGFPlots: reading {../results_new/MLD_D300.txt}
PGFPlots: reading {../results_new/MLD_D350.txt}
PGFPlots: reading {../results_new/MLD_D400.txt}
PGFPlots: reading {../results_new/MLD_D450.txt}
PGFPlots: reading {../results_new/0_D300.txt}
PGFPlots: reading {../results_new/0_D350.txt}
PGFPlots: reading {../results_new/0_D400.txt}
PGFPlots: reading {../results_new/0_D450.txt}
PGFPlots: reading {../results_new/Forwardcoh_D300.txt}
PGFPlots: reading {../results_new/Forwardcoh_D350.txt}
PGFPlots: reading {../results_new/Forwardcoh_D400.txt}
PGFPlots: reading {../results_new/Forwardcoh_D450.txt}
LaTeX Font Info:    External font `cmex10' loaded for size
(Font)              <7> on input line 115.
LaTeX Font Info:    External font `cmex10' loaded for size
(Font)              <5> on input line 115.
[1

{C:/Users/PC/AppData/Local/MiKTeX/2.9/pdftex/config/pdftex.map}]
(All_decoders_1m2PL.aux) ) 
Here is how much of TeX's memory you used:
 23539 strings out of 492895
 627339 string characters out of 3133488
 1007241 words of memory out of 3000000
 27058 multiletter control sequences out of 15000+200000
 3640 words of font info for 14 fonts, out of 3000000 for 9000
 1141 hyphenation exceptions out of 8191
 62i,18n,107p,736b,2493s stack positions out of 5000i,500n,10000p,200000b,50000s
<C:/Program Files/MiKTeX 2.9/fonts/type1/public/amsfo
nts/cm/cmmi10.pfb><C:/Program Files/MiKTeX 2.9/fonts/type1/public/amsfonts/cm/c
mmi5.pfb><C:/Program Files/MiKTeX 2.9/fonts/type1/public/amsfonts/cm/cmr10.pfb>
<C:/Program Files/MiKTeX 2.9/fonts/type1/public/amsfonts/cm/cmr5.pfb><C:/Progra
m Files/MiKTeX 2.9/fonts/type1/public/amsfonts/cm/cmr7.pfb><C:/Program Files/Mi
KTeX 2.9/fonts/type1/public/amsfonts/cm/cmsy10.pfb><C:/Program Files/MiKTeX 2.9
/fonts/type1/public/amsfonts/cm/cmsy5.pfb><C:/Program Files/MiKTeX 2.9/fonts/ty
pe1/public/amsfonts/cm/cmsy7.pfb>
Output written on All_decoders_1m2PL.pdf (1 page, 86852 bytes).
PDF statistics:
 41 PDF objects out of 1000 (max. 8388607)
 0 named destinations out of 1000 (max. 500000)
 13 words of extra memory for PDF output out of 10000 (max. 10000000)

